<?xml version="1.0" encoding="UTF-8"?>
<!-- Generated by org.testng.reporters.JUnitReportReporter -->
<testsuite hostname="Rahul" name="com.procurenetworks.verifications.ProcureNetworks" tests="1" failures="0" timestamp="23 Aug 2017 12:28:06 GMT" time="59.925" errors="0">
  <testcase name="Search_Last_Created_Asset" time="59.925" classname="com.procurenetworks.verifications.ProcureNetworks"/>
</testsuite> <!-- com.procurenetworks.verifications.ProcureNetworks -->
